Using pre-set license
Built from '2020.3/staging' branch; Version is '2020.3.25f1 (9b9180224418) revision 10195328'; Using compiler version '192528614'; Build Type 'Release'
OS: 'Windows 10  (10.0.19043) 64bit Core' Language: 'ja' Physical Memory: 8106 MB
BatchMode: 1, IsHumanControllingUs: 0, StartBugReporterOnCrash: 0, Is64bit: 1, IsPro: 0

COMMAND LINE ARGUMENTS:
C:\Program Files\2020.3.25f1\Editor\Unity.exe
-adb2
-batchMode
-noUpm
-name
AssetImportWorker0
-projectPath
C:/Users/AH77D/Desktop/New Game
-logFile
Logs/AssetImportWorker0.log
-srvPort
53074
Successfully changed project path to: C:/Users/AH77D/Desktop/New Game
C:/Users/AH77D/Desktop/New Game
Using Asset Import Pipeline V2.
Refreshing native plugins compatible for Editor in 65.18 ms, found 2 plugins.
Preloading 0 native plugins for Editor in 0.00 ms.
Initialize engine version: 2020.3.25f1 (9b9180224418)
[Subsystems] Discovering subsystems at path C:/Program Files/2020.3.25f1/Editor/Data/Resources/UnitySubsystems
[Subsystems] Discovering subsystems at path C:/Users/AH77D/Desktop/New Game/Assets
GfxDevice: creating device client; threaded=0
Direct3D:
    Version:  Direct3D 11.0 [level 10.1]
    Renderer: Intel(R) HD Graphics 3000 (ID=0x116)
    Vendor:   
    VRAM:     128 MB
    Driver:   9.17.10.4459
Initialize mono
Mono path[0] = 'C:/Program Files/2020.3.25f1/Editor/Data/Managed'
Mono path[1] = 'C:/Program Files/2020.3.25f1/Editor/Data/MonoBleedingEdge/lib/mono/unityjit'
Mono config path = 'C:/Program Files/2020.3.25f1/Editor/Data/MonoBleedingEdge/etc'
Using monoOptions --debugger-agent=transport=dt_socket,embedding=1,server=y,suspend=n,address=127.0.0.1:56712
Begin MonoManager ReloadAssembly
Registering precompiled unity dll's ...
Register platform support module: C:/Program Files/2020.3.25f1/Editor/Data/PlaybackEngines/WebGLSupport/UnityEditor.WebGL.Extensions.dll
Register platform support module: C:/Program Files/2020.3.25f1/Editor/Data/PlaybackEngines/WindowsStandaloneSupport/UnityEditor.WindowsStandalone.Extensions.dll
Registered in 0.003953 seconds.
Native extension for WindowsStandalone target not found
Native extension for WebGL target not found
Refreshing native plugins compatible for Editor in 61.13 ms, found 2 plugins.
Preloading 0 native plugins for Editor in 0.00 ms.
Mono: successfully reloaded assembly
- Completed reload, in  1.031 seconds
Domain Reload Profiling:
	ReloadAssembly (1032ms)
		BeginReloadAssembly (98ms)
			ExecutionOrderSort (0ms)
			DisableScriptedObjects (0ms)
			BackupInstance (0ms)
			ReleaseScriptingObjects (0ms)
			CreateAndSetChildDomain (2ms)
		EndReloadAssembly (803ms)
			LoadAssemblies (94ms)
			RebuildTransferFunctionScriptingTraits (0ms)
			SetupTypeCache (268ms)
			ReleaseScriptCaches (0ms)
			RebuildScriptCaches (55ms)
			SetupLoadedEditorAssemblies (282ms)
				LogAssemblyErrors (0ms)
				InitializePlatformSupportModulesInManaged (9ms)
				SetLoadedEditorAssemblies (0ms)
				RefreshPlugins (61ms)
				BeforeProcessingInitializeOnLoad (15ms)
				ProcessInitializeOnLoadAttributes (146ms)
				ProcessInitializeOnLoadMethodAttributes (50ms)
				AfterProcessingInitializeOnLoad (0ms)
				EditorAssembliesLoaded (0ms)
			ExecutionOrderSort2 (0ms)
			AwakeInstancesAfterBackupRestoration (0ms)
Platform modules already initialized, skipping
Registering precompiled user dll's ...
Registered in 0.007192 seconds.
Begin MonoManager ReloadAssembly
Native extension for WindowsStandalone target not found
Native extension for WebGL target not found
Refreshing native plugins compatible for Editor in 0.62 ms, found 2 plugins.
Preloading 0 native plugins for Editor in 0.00 ms.
Mono: successfully reloaded assembly
- Completed reload, in  1.731 seconds
Domain Reload Profiling:
	ReloadAssembly (1732ms)
		BeginReloadAssembly (253ms)
			ExecutionOrderSort (0ms)
			DisableScriptedObjects (9ms)
			BackupInstance (0ms)
			ReleaseScriptingObjects (0ms)
			CreateAndSetChildDomain (28ms)
		EndReloadAssembly (1374ms)
			LoadAssemblies (149ms)
			RebuildTransferFunctionScriptingTraits (0ms)
			SetupTypeCache (489ms)
			ReleaseScriptCaches (1ms)
			RebuildScriptCaches (75ms)
			SetupLoadedEditorAssemblies (498ms)
				LogAssemblyErrors (0ms)
				InitializePlatformSupportModulesInManaged (9ms)
				SetLoadedEditorAssemblies (1ms)
				RefreshPlugins (1ms)
				BeforeProcessingInitializeOnLoad (94ms)
				ProcessInitializeOnLoadAttributes (367ms)
				ProcessInitializeOnLoadMethodAttributes (15ms)
				AfterProcessingInitializeOnLoad (11ms)
				EditorAssembliesLoaded (0ms)
			ExecutionOrderSort2 (0ms)
			AwakeInstancesAfterBackupRestoration (12ms)
Platform modules already initialized, skipping
========================================================================
Worker process is ready to serve import requests
Launched and connected shader compiler UnityShaderCompiler.exe after 0.13 seconds
Refreshing native plugins compatible for Editor in 0.58 ms, found 2 plugins.
Preloading 0 native plugins for Editor in 0.00 ms.
Unloading 1512 Unused Serialized files (Serialized files now loaded: 0)
System memory in use before: 94.6 MB.
System memory in use after: 94.7 MB.

Unloading 19 unused Assets to reduce memory usage. Loaded Objects now: 1961.
Total: 3.976300 ms (FindLiveObjects: 0.148200 ms CreateObjectMapping: 0.115300 ms MarkObjects: 3.584300 ms  DeleteObjects: 0.126300 ms)

AssetImportParameters requested are different than current active one (requested -> active):
  custom:framework-win-MediaFoundation: 216162199b28c13a410421893ffa2e32 -> 
  custom:video-decoder-ogg-theora: a1e56fd34408186e4bbccfd4996cb3dc -> 
  custom:container-muxer-webm: aa71ff27fc2769a1b78a27578f13a17b -> 
  custom:container-demuxer-webm: 4f35f7cbe854078d1ac9338744f61a02 -> 
  custom:container-demuxer-ogg: 62fdf1f143b41e24485cea50d1cbac27 -> 
  custom:video-encoder-webm-vp8: eb34c28f22e8b96e1ab97ce403110664 -> 
  custom:video-decoder-webm-vp8: 9c59270c3fd7afecdb556c50c9e8de78 -> 
  custom:audio-decoder-ogg-vorbis: bf7c407c2cedff20999df2af8eb42d56 -> 
  custom:audio-encoder-webm-vorbis: bf7c407c2cedff20999df2af8eb42d56 -> 
========================================================================
Received Import Request.
  path: Assets/PlayerController.cs
  artifactKey: Guid(a4ed5ace9f3c44f47a5b8b54a4373572) Importer(815301076,1909f56bfc062723c751e8b465ee728b)
Start importing Assets/PlayerController.cs using Guid(a4ed5ace9f3c44f47a5b8b54a4373572) Importer(815301076,1909f56bfc062723c751e8b465ee728b)  -> (artifact id: '2b2d37c2e3ec45f5247277366df7d480') in 0.047869 seconds 
  Import took 0.056356 seconds .

========================================================================
Received Prepare
Registering precompiled user dll's ...
Registered in 0.007761 seconds.
Begin MonoManager ReloadAssembly
Native extension for WindowsStandalone target not found
Native extension for WebGL target not found
Refreshing native plugins compatible for Editor in 0.92 ms, found 2 plugins.
Preloading 0 native plugins for Editor in 0.00 ms.
Mono: successfully reloaded assembly
- Completed reload, in  1.780 seconds
Domain Reload Profiling:
	ReloadAssembly (1781ms)
		BeginReloadAssembly (186ms)
			ExecutionOrderSort (0ms)
			DisableScriptedObjects (8ms)
			BackupInstance (0ms)
			ReleaseScriptingObjects (0ms)
			CreateAndSetChildDomain (49ms)
		EndReloadAssembly (1482ms)
			LoadAssemblies (159ms)
			RebuildTransferFunctionScriptingTraits (0ms)
			SetupTypeCache (536ms)
			ReleaseScriptCaches (1ms)
			RebuildScriptCaches (88ms)
			SetupLoadedEditorAssemblies (511ms)
				LogAssemblyErrors (0ms)
				InitializePlatformSupportModulesInManaged (11ms)
				SetLoadedEditorAssemblies (2ms)
				RefreshPlugins (1ms)
				BeforeProcessingInitializeOnLoad (105ms)
				ProcessInitializeOnLoadAttributes (365ms)
				ProcessInitializeOnLoadMethodAttributes (15ms)
				AfterProcessingInitializeOnLoad (11ms)
				EditorAssembliesLoaded (1ms)
			ExecutionOrderSort2 (0ms)
			AwakeInstancesAfterBackupRestoration (13ms)
Platform modules already initialized, skipping
Refreshing native plugins compatible for Editor in 0.65 ms, found 2 plugins.
Preloading 0 native plugins for Editor in 0.00 ms.
Unloading 1497 Unused Serialized files (Serialized files now loaded: 0)
System memory in use before: 93.5 MB.
System memory in use after: 93.6 MB.

Unloading 14 unused Assets to reduce memory usage. Loaded Objects now: 1963.
Total: 4.044300 ms (FindLiveObjects: 0.169000 ms CreateObjectMapping: 0.077000 ms MarkObjects: 3.771200 ms  DeleteObjects: 0.025100 ms)

AssetImportParameters requested are different than current active one (requested -> active):
  custom:framework-win-MediaFoundation: 216162199b28c13a410421893ffa2e32 -> 
  custom:video-decoder-ogg-theora: a1e56fd34408186e4bbccfd4996cb3dc -> 
  custom:container-muxer-webm: aa71ff27fc2769a1b78a27578f13a17b -> 
  custom:container-demuxer-webm: 4f35f7cbe854078d1ac9338744f61a02 -> 
  custom:container-demuxer-ogg: 62fdf1f143b41e24485cea50d1cbac27 -> 
  custom:video-encoder-webm-vp8: eb34c28f22e8b96e1ab97ce403110664 -> 
  custom:video-decoder-webm-vp8: 9c59270c3fd7afecdb556c50c9e8de78 -> 
  custom:audio-decoder-ogg-vorbis: bf7c407c2cedff20999df2af8eb42d56 -> 
  custom:audio-encoder-webm-vorbis: bf7c407c2cedff20999df2af8eb42d56 -> 
========================================================================
Received Import Request.
  Time since last request: 1547.275270 seconds.
  path: Assets/Polytope Studio/Lowpoly Medieval Props/Prefabs/PT_Medieval_Chest_01.prefab
  artifactKey: Guid(6f7106b036a211b4fb776e275a03e56f) Importer(815301076,1909f56bfc062723c751e8b465ee728b)
Start importing Assets/Polytope Studio/Lowpoly Medieval Props/Prefabs/PT_Medieval_Chest_01.prefab using Guid(6f7106b036a211b4fb776e275a03e56f) Importer(815301076,1909f56bfc062723c751e8b465ee728b)  -> (artifact id: 'c28efabfb3cfbb325805cd9e83ef7914') in 0.247992 seconds 
  Import took 0.258289 seconds .

========================================================================
Received Import Request.
  Time since last request: 6.992502 seconds.
  path: Assets/Polytope Studio/Lowpoly Medieval Demos/Armors_Free_Pack/Grass_Layer.terrainlayer
  artifactKey: Guid(4cd84bec0dcd70749b7a9ba74f786a0d) Importer(815301076,1909f56bfc062723c751e8b465ee728b)
Start importing Assets/Polytope Studio/Lowpoly Medieval Demos/Armors_Free_Pack/Grass_Layer.terrainlayer using Guid(4cd84bec0dcd70749b7a9ba74f786a0d) Importer(815301076,1909f56bfc062723c751e8b465ee728b)  -> (artifact id: '84a9acc688440f3106b7e42322011d47') in 0.093874 seconds 
  Import took 0.101365 seconds .

========================================================================
Received Import Request.
  Time since last request: 0.000540 seconds.
  path: Assets/Polytope Studio/Lowpoly Medieval Demos/Armors_Free_Pack/Ground_Layer.terrainlayer
  artifactKey: Guid(75c4c18b5ee1292498ee87757b7c1799) Importer(815301076,1909f56bfc062723c751e8b465ee728b)
Start importing Assets/Polytope Studio/Lowpoly Medieval Demos/Armors_Free_Pack/Ground_Layer.terrainlayer using Guid(75c4c18b5ee1292498ee87757b7c1799) Importer(815301076,1909f56bfc062723c751e8b465ee728b)  -> (artifact id: 'da808188c73011295cfb5d48d248a324') in 0.064738 seconds 
  Import took 0.073270 seconds .

========================================================================
Received Import Request.
  Time since last request: 0.000347 seconds.
  path: Assets/Polytope Studio/Lowpoly Medieval Demos/Armors_Free_Pack/PostProcessing.asset
  artifactKey: Guid(35d50085142b3184eabd1d3f496c4dc9) Importer(815301076,1909f56bfc062723c751e8b465ee728b)
Start importing Assets/Polytope Studio/Lowpoly Medieval Demos/Armors_Free_Pack/PostProcessing.asset using Guid(35d50085142b3184eabd1d3f496c4dc9) Importer(815301076,1909f56bfc062723c751e8b465ee728b)  -> (artifact id: '8a9aa48972eb9252fd593695d39022b2') in 0.013321 seconds 
  Import took 0.021331 seconds .

========================================================================
Received Import Request.
  Time since last request: 0.000420 seconds.
  path: Assets/Polytope Studio/Lowpoly Medieval Demos/Armors_Free_Pack/New Terrain.asset
  artifactKey: Guid(00fbea2f54cec4b49beed28c2759f820) Importer(815301076,1909f56bfc062723c751e8b465ee728b)
Start importing Assets/Polytope Studio/Lowpoly Medieval Demos/Armors_Free_Pack/New Terrain.asset using Guid(00fbea2f54cec4b49beed28c2759f820) Importer(815301076,1909f56bfc062723c751e8b465ee728b)  -> (artifact id: 'b4135d125a14334bb127e67253c1f5d1') in 0.189202 seconds 
  Import took 0.196411 seconds .

========================================================================
Received Import Request.
  Time since last request: 0.000352 seconds.
  path: Assets/Polytope Studio/Lowpoly Medieval Demos/Armors_Free_Pack/New Post-processing Profile.asset
  artifactKey: Guid(ad28f8094a0fceb46b18fd6896d9b674) Importer(815301076,1909f56bfc062723c751e8b465ee728b)
Start importing Assets/Polytope Studio/Lowpoly Medieval Demos/Armors_Free_Pack/New Post-processing Profile.asset using Guid(ad28f8094a0fceb46b18fd6896d9b674) Importer(815301076,1909f56bfc062723c751e8b465ee728b)  -> (artifact id: '59cfd4d5e716d00068ea22c97b8ab548') in 0.011739 seconds 
  Import took 0.018511 seconds .

========================================================================
Received Import Request.
  Time since last request: 15.759706 seconds.
  path: Assets/Polytope Studio/Lowpoly Medieval Weapons/Prefabs/PT_Medieval_Arrow_03_a.prefab
  artifactKey: Guid(e3787be58bd99af49b6d984cca640c3b) Importer(815301076,1909f56bfc062723c751e8b465ee728b)
Start importing Assets/Polytope Studio/Lowpoly Medieval Weapons/Prefabs/PT_Medieval_Arrow_03_a.prefab using Guid(e3787be58bd99af49b6d984cca640c3b) Importer(815301076,1909f56bfc062723c751e8b465ee728b)  -> (artifact id: '53619e29d26578e4039e299026d48ba3') in 0.182516 seconds 
  Import took 0.190745 seconds .

========================================================================
Received Import Request.
  Time since last request: 0.000380 seconds.
  path: Assets/Polytope Studio/Lowpoly Medieval Weapons/Prefabs/PT_Medieval_ShortWaraxe_01_a.prefab
  artifactKey: Guid(adae6be6654e723469fedd60d61b200c) Importer(815301076,1909f56bfc062723c751e8b465ee728b)
Start importing Assets/Polytope Studio/Lowpoly Medieval Weapons/Prefabs/PT_Medieval_ShortWaraxe_01_a.prefab using Guid(adae6be6654e723469fedd60d61b200c) Importer(815301076,1909f56bfc062723c751e8b465ee728b)  -> (artifact id: '1f0d96ca4e65ff7b2d338704e5340b28') in 0.052844 seconds 
  Import took 0.060112 seconds .

========================================================================
Received Import Request.
  Time since last request: 0.000351 seconds.
  path: Assets/Polytope Studio/Lowpoly Medieval Weapons/Prefabs/PT_Medieval_Longsword_01_a.prefab
  artifactKey: Guid(e18213b527e9be54d9513ce2dd5f3b67) Importer(815301076,1909f56bfc062723c751e8b465ee728b)
Start importing Assets/Polytope Studio/Lowpoly Medieval Weapons/Prefabs/PT_Medieval_Longsword_01_a.prefab using Guid(e18213b527e9be54d9513ce2dd5f3b67) Importer(815301076,1909f56bfc062723c751e8b465ee728b)  -> (artifact id: '24ea22cb150589a6ed292f17e4e589db') in 0.038313 seconds 
  Import took 0.046023 seconds .

========================================================================
Received Import Request.
  Time since last request: 0.000403 seconds.
  path: Assets/Polytope Studio/Lowpoly Medieval Weapons/Prefabs/PT_Medieval_Pike_01_a.prefab
  artifactKey: Guid(72fc84d4624f140498736783e8007a55) Importer(815301076,1909f56bfc062723c751e8b465ee728b)
Start importing Assets/Polytope Studio/Lowpoly Medieval Weapons/Prefabs/PT_Medieval_Pike_01_a.prefab using Guid(72fc84d4624f140498736783e8007a55) Importer(815301076,1909f56bfc062723c751e8b465ee728b)  -> (artifact id: 'cb059162b70607eaaf716a6f1cb34c79') in 0.053420 seconds 
  Import took 0.059374 seconds .

========================================================================
Received Import Request.
  Time since last request: 0.000381 seconds.
  path: Assets/Polytope Studio/Lowpoly Medieval Weapons/Prefabs/PT_Medieval_Shield_01_a.prefab
  artifactKey: Guid(3f1bf1eb280a42941acb0134eccf563b) Importer(815301076,1909f56bfc062723c751e8b465ee728b)
Start importing Assets/Polytope Studio/Lowpoly Medieval Weapons/Prefabs/PT_Medieval_Shield_01_a.prefab using Guid(3f1bf1eb280a42941acb0134eccf563b) Importer(815301076,1909f56bfc062723c751e8b465ee728b)  -> (artifact id: '18bfd95168ea9490eaf337f002fdb689') in 0.040134 seconds 
  Import took 0.046593 seconds .

========================================================================
Received Import Request.
  Time since last request: 0.000374 seconds.
  path: Assets/Polytope Studio/Lowpoly Medieval Weapons/Prefabs/PT_Medieval_Shield_19_a.prefab
  artifactKey: Guid(b7f0edf49b0582c428fe30ccbd831a2b) Importer(815301076,1909f56bfc062723c751e8b465ee728b)
Start importing Assets/Polytope Studio/Lowpoly Medieval Weapons/Prefabs/PT_Medieval_Shield_19_a.prefab using Guid(b7f0edf49b0582c428fe30ccbd831a2b) Importer(815301076,1909f56bfc062723c751e8b465ee728b)  -> (artifact id: '16d4276237dc01d6da7bc6cd63aee1b1') in 0.038230 seconds 
  Import took 0.044494 seconds .

========================================================================
Received Import Request.
  Time since last request: 0.000399 seconds.
  path: Assets/Polytope Studio/Lowpoly Medieval Weapons/Prefabs/PT_Medieval_Shield_06_a.prefab
  artifactKey: Guid(4dc2733e14696c1498ae2db0dc98018c) Importer(815301076,1909f56bfc062723c751e8b465ee728b)
Start importing Assets/Polytope Studio/Lowpoly Medieval Weapons/Prefabs/PT_Medieval_Shield_06_a.prefab using Guid(4dc2733e14696c1498ae2db0dc98018c) Importer(815301076,1909f56bfc062723c751e8b465ee728b)  -> (artifact id: 'b302901ac7e46f42039cd93111eae16f') in 0.036009 seconds 
  Import took 0.040339 seconds .

========================================================================
Received Import Request.
  Time since last request: 0.000341 seconds.
  path: Assets/Polytope Studio/Lowpoly Medieval Weapons/Prefabs/PT_Medieval_Quiver_01_a.prefab
  artifactKey: Guid(5a8e3e860375280488cd399e2e732054) Importer(815301076,1909f56bfc062723c751e8b465ee728b)
Start importing Assets/Polytope Studio/Lowpoly Medieval Weapons/Prefabs/PT_Medieval_Quiver_01_a.prefab using Guid(5a8e3e860375280488cd399e2e732054) Importer(815301076,1909f56bfc062723c751e8b465ee728b)  -> (artifact id: '8988e4496255189bf697202a6e745a53') in 0.044078 seconds 
  Import took 0.048834 seconds .

========================================================================
Received Import Request.
  Time since last request: 0.000368 seconds.
  path: Assets/Polytope Studio/Lowpoly Medieval Weapons/Prefabs/PT_Medieval_Bow_01_a.prefab
  artifactKey: Guid(7076aac120d89da4996ba4b35f82f8f4) Importer(815301076,1909f56bfc062723c751e8b465ee728b)
Start importing Assets/Polytope Studio/Lowpoly Medieval Weapons/Prefabs/PT_Medieval_Bow_01_a.prefab using Guid(7076aac120d89da4996ba4b35f82f8f4) Importer(815301076,1909f56bfc062723c751e8b465ee728b)  -> (artifact id: '5521402b1fcb51dd007b2c5886f0a66f') in 0.041420 seconds 
  Import took 0.046333 seconds .

========================================================================
Received Import Request.
  Time since last request: 0.000338 seconds.
  path: Assets/Polytope Studio/Lowpoly Medieval Weapons/Prefabs/PT_Medieval_Sword_01_a.prefab
  artifactKey: Guid(39ec6af3eb8c70848b3da75dbf39628f) Importer(815301076,1909f56bfc062723c751e8b465ee728b)
Start importing Assets/Polytope Studio/Lowpoly Medieval Weapons/Prefabs/PT_Medieval_Sword_01_a.prefab using Guid(39ec6af3eb8c70848b3da75dbf39628f) Importer(815301076,1909f56bfc062723c751e8b465ee728b)  -> (artifact id: 'a07c4eb9c370324d2c52c5d2ee23d5b0') in 0.040210 seconds 
  Import took 0.047264 seconds .

========================================================================
Received Import Request.
  Time since last request: 0.000349 seconds.
  path: Assets/Polytope Studio/Lowpoly Medieval Weapons/Prefabs/PT_Medieval_Mace_01_a.prefab
  artifactKey: Guid(38b246b515ecfc1489b2a72b8567bfd2) Importer(815301076,1909f56bfc062723c751e8b465ee728b)
Start importing Assets/Polytope Studio/Lowpoly Medieval Weapons/Prefabs/PT_Medieval_Mace_01_a.prefab using Guid(38b246b515ecfc1489b2a72b8567bfd2) Importer(815301076,1909f56bfc062723c751e8b465ee728b)  -> (artifact id: '3a538258ed416b2cbf6d8e63c69fe4f5') in 0.039161 seconds 
  Import took 0.045663 seconds .

========================================================================
Received Import Request.
  Time since last request: 1713.209765 seconds.
  path: ProjectSettings/TagManager.asset
  artifactKey: Guid(00000000000000003000000000000000) Importer(815301076,1909f56bfc062723c751e8b465ee728b)
Start importing ProjectSettings/TagManager.asset using Guid(00000000000000003000000000000000) Importer(815301076,1909f56bfc062723c751e8b465ee728b)  -> (artifact id: 'ce6a35c3cddc746e7501c0bd0ed6d4ce') in 0.010595 seconds 
  Import took 0.017179 seconds .

========================================================================
Received Prepare
Registering precompiled user dll's ...
Registered in 0.006594 seconds.
Begin MonoManager ReloadAssembly
Native extension for WindowsStandalone target not found
Native extension for WebGL target not found
Refreshing native plugins compatible for Editor in 0.62 ms, found 2 plugins.
Preloading 0 native plugins for Editor in 0.00 ms.
Mono: successfully reloaded assembly
- Completed reload, in  1.610 seconds
Domain Reload Profiling:
	ReloadAssembly (1611ms)
		BeginReloadAssembly (170ms)
			ExecutionOrderSort (0ms)
			DisableScriptedObjects (8ms)
			BackupInstance (0ms)
			ReleaseScriptingObjects (0ms)
			CreateAndSetChildDomain (48ms)
		EndReloadAssembly (1325ms)
			LoadAssemblies (149ms)
			RebuildTransferFunctionScriptingTraits (0ms)
			SetupTypeCache (476ms)
			ReleaseScriptCaches (1ms)
			RebuildScriptCaches (68ms)
			SetupLoadedEditorAssemblies (469ms)
				LogAssemblyErrors (0ms)
				InitializePlatformSupportModulesInManaged (10ms)
				SetLoadedEditorAssemblies (1ms)
				RefreshPlugins (1ms)
				BeforeProcessingInitializeOnLoad (84ms)
				ProcessInitializeOnLoadAttributes (349ms)
				ProcessInitializeOnLoadMethodAttributes (14ms)
				AfterProcessingInitializeOnLoad (11ms)
				EditorAssembliesLoaded (0ms)
			ExecutionOrderSort2 (0ms)
			AwakeInstancesAfterBackupRestoration (12ms)
Platform modules already initialized, skipping
Refreshing native plugins compatible for Editor in 0.63 ms, found 2 plugins.
Preloading 0 native plugins for Editor in 0.00 ms.
Unloading 1497 Unused Serialized files (Serialized files now loaded: 0)
System memory in use before: 96.8 MB.
System memory in use after: 96.9 MB.

Unloading 15 unused Assets to reduce memory usage. Loaded Objects now: 1975.
Total: 3.808800 ms (FindLiveObjects: 0.163200 ms CreateObjectMapping: 0.075700 ms MarkObjects: 3.530500 ms  DeleteObjects: 0.037700 ms)

AssetImportParameters requested are different than current active one (requested -> active):
  custom:framework-win-MediaFoundation: 216162199b28c13a410421893ffa2e32 -> 
  custom:video-decoder-ogg-theora: a1e56fd34408186e4bbccfd4996cb3dc -> 
  custom:container-muxer-webm: aa71ff27fc2769a1b78a27578f13a17b -> 
  custom:container-demuxer-webm: 4f35f7cbe854078d1ac9338744f61a02 -> 
  custom:container-demuxer-ogg: 62fdf1f143b41e24485cea50d1cbac27 -> 
  custom:video-encoder-webm-vp8: eb34c28f22e8b96e1ab97ce403110664 -> 
  custom:video-decoder-webm-vp8: 9c59270c3fd7afecdb556c50c9e8de78 -> 
  custom:audio-decoder-ogg-vorbis: bf7c407c2cedff20999df2af8eb42d56 -> 
  custom:audio-encoder-webm-vorbis: bf7c407c2cedff20999df2af8eb42d56 -> 
========================================================================
Received Prepare
Registering precompiled user dll's ...
Registered in 0.006873 seconds.
Begin MonoManager ReloadAssembly
Native extension for WindowsStandalone target not found
Native extension for WebGL target not found
Refreshing native plugins compatible for Editor in 0.65 ms, found 2 plugins.
Preloading 0 native plugins for Editor in 0.00 ms.
Mono: successfully reloaded assembly
- Completed reload, in  1.619 seconds
Domain Reload Profiling:
	ReloadAssembly (1619ms)
		BeginReloadAssembly (198ms)
			ExecutionOrderSort (0ms)
			DisableScriptedObjects (8ms)
			BackupInstance (0ms)
			ReleaseScriptingObjects (0ms)
			CreateAndSetChildDomain (61ms)
		EndReloadAssembly (1319ms)
			LoadAssemblies (145ms)
			RebuildTransferFunctionScriptingTraits (0ms)
			SetupTypeCache (481ms)
			ReleaseScriptCaches (1ms)
			RebuildScriptCaches (76ms)
			SetupLoadedEditorAssemblies (454ms)
				LogAssemblyErrors (0ms)
				InitializePlatformSupportModulesInManaged (9ms)
				SetLoadedEditorAssemblies (2ms)
				RefreshPlugins (1ms)
				BeforeProcessingInitializeOnLoad (81ms)
				ProcessInitializeOnLoadAttributes (337ms)
				ProcessInitializeOnLoadMethodAttributes (14ms)
				AfterProcessingInitializeOnLoad (10ms)
				EditorAssembliesLoaded (0ms)
			ExecutionOrderSort2 (0ms)
			AwakeInstancesAfterBackupRestoration (11ms)
Platform modules already initialized, skipping
Refreshing native plugins compatible for Editor in 0.60 ms, found 2 plugins.
Preloading 0 native plugins for Editor in 0.00 ms.
Unloading 1497 Unused Serialized files (Serialized files now loaded: 0)
System memory in use before: 96.8 MB.
System memory in use after: 96.9 MB.

Unloading 14 unused Assets to reduce memory usage. Loaded Objects now: 1977.
Total: 3.736300 ms (FindLiveObjects: 0.171300 ms CreateObjectMapping: 0.079800 ms MarkObjects: 3.462000 ms  DeleteObjects: 0.021500 ms)

AssetImportParameters requested are different than current active one (requested -> active):
  custom:framework-win-MediaFoundation: 216162199b28c13a410421893ffa2e32 -> 
  custom:video-decoder-ogg-theora: a1e56fd34408186e4bbccfd4996cb3dc -> 
  custom:container-muxer-webm: aa71ff27fc2769a1b78a27578f13a17b -> 
  custom:container-demuxer-webm: 4f35f7cbe854078d1ac9338744f61a02 -> 
  custom:container-demuxer-ogg: 62fdf1f143b41e24485cea50d1cbac27 -> 
  custom:video-encoder-webm-vp8: eb34c28f22e8b96e1ab97ce403110664 -> 
  custom:video-decoder-webm-vp8: 9c59270c3fd7afecdb556c50c9e8de78 -> 
  custom:audio-decoder-ogg-vorbis: bf7c407c2cedff20999df2af8eb42d56 -> 
  custom:audio-encoder-webm-vorbis: bf7c407c2cedff20999df2af8eb42d56 -> 
========================================================================
Received Import Request.
  Time since last request: 452.291547 seconds.
  path: Assets/Polytope Studio/Lowpoly Medieval Weapons/Prefabs
  artifactKey: Guid(e28a2cd9344d55840a82ef81c55d396f) Importer(815301076,1909f56bfc062723c751e8b465ee728b)
Start importing Assets/Polytope Studio/Lowpoly Medieval Weapons/Prefabs using Guid(e28a2cd9344d55840a82ef81c55d396f) Importer(815301076,1909f56bfc062723c751e8b465ee728b)  -> (artifact id: 'd973abce5a55b7ee1eb1968e7e9ed30d') in 0.017562 seconds 
  Import took 0.022168 seconds .

========================================================================
Received Import Request.
  Time since last request: 6.020707 seconds.
  path: Assets/Polytope Studio/Lowpoly Medieval Characters/Prefabs/Modular_Armors
  artifactKey: Guid(752a273d488e9254cb9fe9314744a06d) Importer(815301076,1909f56bfc062723c751e8b465ee728b)
Start importing Assets/Polytope Studio/Lowpoly Medieval Characters/Prefabs/Modular_Armors using Guid(752a273d488e9254cb9fe9314744a06d) Importer(815301076,1909f56bfc062723c751e8b465ee728b)  -> (artifact id: '3feb553b199996420b65d59a5146beb7') in 0.014794 seconds 
  Import took 0.021386 seconds .

========================================================================
Received Import Request.
  Time since last request: 20.860144 seconds.
  path: Assets/Polytope Studio/Lowpoly Medieval Characters/Animations/PT_Medieval_Armor_anim_controller.controller
  artifactKey: Guid(1d6615e592724564e836d1a9f0071e48) Importer(815301076,1909f56bfc062723c751e8b465ee728b)
Start importing Assets/Polytope Studio/Lowpoly Medieval Characters/Animations/PT_Medieval_Armor_anim_controller.controller using Guid(1d6615e592724564e836d1a9f0071e48) Importer(815301076,1909f56bfc062723c751e8b465ee728b)  -> (artifact id: '94f33df5fbf5b37f612e6eb871a1b313') in 0.033320 seconds 
  Import took 0.040167 seconds .

========================================================================
Received Import Request.
  Time since last request: 50.890069 seconds.
  path: Assets/Polytope Studio/Lowpoly Medieval Characters/Sources/Modular_Armors/Meshes/PT_Lowpoly_Medieval_Armors_Male_Moduar_Free_pack.fbx
  artifactKey: Guid(45f944a4396b0a54398eb1abe6743296) Importer(815301076,1909f56bfc062723c751e8b465ee728b)
Start importing Assets/Polytope Studio/Lowpoly Medieval Characters/Sources/Modular_Armors/Meshes/PT_Lowpoly_Medieval_Armors_Male_Moduar_Free_pack.fbx using Guid(45f944a4396b0a54398eb1abe6743296) Importer(815301076,1909f56bfc062723c751e8b465ee728b)  -> (artifact id: '01f59f3ef99d8606480dc486d81efc5b') in 0.753078 seconds 
  Import took 0.759053 seconds .

========================================================================
Received Import Request.
  Time since last request: 30.760589 seconds.
  path: Assets/Polytope Studio/Lowpoly Medieval Characters/Sources/Modular_Armors/Meshes/PT_Lowpoly_Medieval_Armors_Female_Moduar_Free_pack.fbx
  artifactKey: Guid(0cc5e7d23b6879a4d8b3644f02cd8430) Importer(815301076,1909f56bfc062723c751e8b465ee728b)
Start importing Assets/Polytope Studio/Lowpoly Medieval Characters/Sources/Modular_Armors/Meshes/PT_Lowpoly_Medieval_Armors_Female_Moduar_Free_pack.fbx using Guid(0cc5e7d23b6879a4d8b3644f02cd8430) Importer(815301076,1909f56bfc062723c751e8b465ee728b)  -> (artifact id: '1d7bf7ec1a42a8300d3b295cc4dda7d3') in 0.473791 seconds 
  Import took 0.479856 seconds .

AssetImportWorkerClient::OnTransportError - code=2 error=End of file
